[11:36:49] [ServerMain/INFO]: Building unoptimized datafixer
[11:36:51] [ServerMain/INFO]: Environment: authHost='https://authserver.mojang.com', accountsHost='https://api.mojang.com', sessionHost='https://sessionserver.mojang.com', servicesHost='https://api.minecraftservices.com', name='PROD'
[11:36:53] [ServerMain/INFO]: Loaded 7 recipes
[11:36:53] [ServerMain/INFO]: Loaded 1179 advancements
[11:36:54] [ServerMain/WARN]: Failed to parse level-type default, defaulting to minecraft:normal
[11:36:54] [Server thread/INFO]: Starting minecraft server version 1.19.2
[11:36:54] [Server thread/INFO]: Loading properties
[11:36:54] [Server thread/INFO]: Default game type: SURVIVAL
[11:36:54] [Server thread/INFO]: Generating keypair
[11:36:54] [Server thread/INFO]: Starting Minecraft server on *:25565
[11:36:54] [Server thread/INFO]: Using epoll channel type
[11:36:54] [Server thread/INFO]: Preparing level "world"
[11:36:54] [Server thread/INFO]: Preparing start region for dimension minecraft:overworld
[11:36:59] [Worker-Main-3/INFO]: Preparing spawn area: 0%
[11:36:59] [Worker-Main-3/INFO]: Preparing spawn area: 0%
[11:36:59] [Worker-Main-3/INFO]: Preparing spawn area: 0%
[11:36:59] [Worker-Main-3/INFO]: Preparing spawn area: 0%
[11:36:59] [Worker-Main-3/INFO]: Preparing spawn area: 0%
[11:36:59] [Worker-Main-3/INFO]: Preparing spawn area: 0%
[11:36:59] [Worker-Main-2/INFO]: Preparing spawn area: 0%
[11:36:59] [Worker-Main-3/INFO]: Preparing spawn area: 0%
[11:36:59] [Worker-Main-3/INFO]: Preparing spawn area: 0%
[11:36:59] [Worker-Main-2/INFO]: Preparing spawn area: 0%
[11:36:59] [Worker-Main-3/INFO]: Preparing spawn area: 0%
[11:37:00] [Worker-Main-3/INFO]: Preparing spawn area: 22%
[11:37:00] [Worker-Main-2/INFO]: Preparing spawn area: 72%
[11:37:01] [Server thread/INFO]: Time elapsed: 6501 ms
[11:37:01] [Server thread/INFO]: Done (6.725s)! For help, type "help"
